

Microchip Technology PIC PRO Macro Assembler V1.41 build -162212810 
                                                                                               Mon May 15 20:05:27 2017

Microchip Technology Omniscient Code Generator v1.41 (PRO mode) build 201701250102
     1                           	processor	16F1574
     2                           	opt	pw 120
     3                           	opt	pm
     4                           	psect	idataCOMMON,global,class=CODE,delta=2
     5                           	psect	stringtext,global,class=STRCODE,delta=2
     6                           	psect	cinit,global,class=CODE,merge=1,delta=2
     7                           	psect	bssCOMMON,global,class=COMMON,space=1,delta=1
     8                           	psect	dataCOMMON,global,class=COMMON,space=1,delta=1
     9                           	psect	bssBANK0,global,class=BANK0,space=1,delta=1
    10                           	psect	clrtext,global,class=CODE,delta=2
    11                           	psect	cstackCOMMON,global,class=COMMON,space=1,delta=1
    12                           	psect	cstackBANK0,global,class=BANK0,space=1,delta=1
    13                           	psect	intentry,global,class=CODE,delta=2
    14                           	psect	text2,local,class=CODE,merge=1,delta=2
    15                           	psect	pa_nodes0,global,class=CODE,delta=2
    16                           	dabs	1,0x7E,2
    17  0000                     
    18                           ; Version 1.41
    19                           ; Generated 25/01/2017 GMT
    20                           ; 
    21                           ; Copyright © 2017, Microchip Technology Inc. and its subsidiaries ("Microchip")
    22                           ; All rights reserved.
    23                           ; 
    24                           ; This software is developed by Microchip Technology Inc. and its subsidiaries ("Microch
      +                          ip").
    25                           ; 
    26                           ; Redistribution and use in source and binary forms, with or without modification, are
    27                           ; permitted provided that the following conditions are met:
    28                           ; 
    29                           ;     1. Redistributions of source code must retain the above copyright notice, this lis
      +                          t of
    30                           ;        conditions and the following disclaimer.
    31                           ; 
    32                           ;     2. Redistributions in binary form must reproduce the above copyright notice, this 
      +                          list
    33                           ;        of conditions and the following disclaimer in the documentation and/or other
    34                           ;        materials provided with the distribution.
    35                           ; 
    36                           ;     3. Microchip's name may not be used to endorse or promote products derived from th
      +                          is
    37                           ;        software without specific prior written permission.
    38                           ; 
    39                           ; THIS SOFTWARE IS PROVIDED BY MICROCHIP "AS IS" AND ANY EXPRESS OR IMPLIED WARRANTIES,
    40                           ; INCLUDING, BUT NOT LIMITED TO, THE IMPLIED WARRANTIES OF MERCHANTABILITY AND FITNESS F
      +                          OR
    41                           ; PURPOSE ARE DISCLAIMED.  IN NO EVENT SHALL MICROCHIP BE LIABLE FOR ANY DIRECT, INDIREC
      +                          T,
    42                           ; INCIDENTAL, SPECIAL, EXEMPLARY, OR CONSEQUENTIAL DAMAGES (INCLUDING BUT NOT LIMITED TO
    43                           ; PROCUREMENT OF SUBSTITUTE GOODS OR SERVICES; LOSS OF USE, DATA OR PROFITS; OR BUSINESS
    44                           ; INTERRUPTION) HOWSOEVER CAUSED AND ON ANY THEORY OF LIABILITY, WHETHER IN CONTRACT, ST
      +                          RICT
    45                           ; LIABILITY, OR TORT (INCLUDING NEGLIGENCE OR OTHERWISE) ARISING IN ANY WAY OUT OF THE U
      +                          SE OF
    46                           ; THIS SOFTWARE, EVEN IF ADVISED OF THE POSSIBILITY OF SUCH DAMAGE.
    47                           ; 
    48                           ; 
    49                           ; Code-generator required, PIC16F1574 Definitions
    50                           ; 
    51                           ; SFR Addresses
    52  0000                     	;# 
    53  0001                     	;# 
    54  0002                     	;# 
    55  0003                     	;# 
    56  0004                     	;# 
    57  0005                     	;# 
    58  0006                     	;# 
    59  0007                     	;# 
    60  0008                     	;# 
    61  0009                     	;# 
    62  000A                     	;# 
    63  000B                     	;# 
    64  000C                     	;# 
    65  000E                     	;# 
    66  0011                     	;# 
    67  0012                     	;# 
    68  0013                     	;# 
    69  0015                     	;# 
    70  0016                     	;# 
    71  0016                     	;# 
    72  0017                     	;# 
    73  0018                     	;# 
    74  0019                     	;# 
    75  001A                     	;# 
    76  001B                     	;# 
    77  001C                     	;# 
    78  008C                     	;# 
    79  008E                     	;# 
    80  0091                     	;# 
    81  0092                     	;# 
    82  0093                     	;# 
    83  0095                     	;# 
    84  0096                     	;# 
    85  0097                     	;# 
    86  0098                     	;# 
    87  0099                     	;# 
    88  009A                     	;# 
    89  009B                     	;# 
    90  009B                     	;# 
    91  009C                     	;# 
    92  009D                     	;# 
    93  009E                     	;# 
    94  009F                     	;# 
    95  010C                     	;# 
    96  010E                     	;# 
    97  0111                     	;# 
    98  0112                     	;# 
    99  0113                     	;# 
   100  0114                     	;# 
   101  0115                     	;# 
   102  0116                     	;# 
   103  0117                     	;# 
   104  0118                     	;# 
   105  0119                     	;# 
   106  018C                     	;# 
   107  018E                     	;# 
   108  0191                     	;# 
   109  0191                     	;# 
   110  0192                     	;# 
   111  0193                     	;# 
   112  0193                     	;# 
   113  0194                     	;# 
   114  0195                     	;# 
   115  0196                     	;# 
   116  0197                     	;# 
   117  0199                     	;# 
   118  019A                     	;# 
   119  019B                     	;# 
   120  019B                     	;# 
   121  019C                     	;# 
   122  019D                     	;# 
   123  019E                     	;# 
   124  019F                     	;# 
   125  020C                     	;# 
   126  020E                     	;# 
   127  028C                     	;# 
   128  028E                     	;# 
   129  030C                     	;# 
   130  030E                     	;# 
   131  038C                     	;# 
   132  038E                     	;# 
   133  0391                     	;# 
   134  0392                     	;# 
   135  0393                     	;# 
   136  0397                     	;# 
   137  0398                     	;# 
   138  0399                     	;# 
   139  0691                     	;# 
   140  0692                     	;# 
   141  0693                     	;# 
   142  0694                     	;# 
   143  0695                     	;# 
   144  0D8E                     	;# 
   145  0D8F                     	;# 
   146  0D90                     	;# 
   147  0D91                     	;# 
   148  0D91                     	;# 
   149  0D92                     	;# 
   150  0D93                     	;# 
   151  0D93                     	;# 
   152  0D94                     	;# 
   153  0D95                     	;# 
   154  0D95                     	;# 
   155  0D96                     	;# 
   156  0D97                     	;# 
   157  0D97                     	;# 
   158  0D98                     	;# 
   159  0D99                     	;# 
   160  0D99                     	;# 
   161  0D9A                     	;# 
   162  0D9B                     	;# 
   163  0D9C                     	;# 
   164  0D9C                     	;# 
   165  0D9D                     	;# 
   166  0D9D                     	;# 
   167  0D9E                     	;# 
   168  0D9F                     	;# 
   169  0DA0                     	;# 
   170  0DA1                     	;# 
   171  0DA1                     	;# 
   172  0DA2                     	;# 
   173  0DA3                     	;# 
   174  0DA3                     	;# 
   175  0DA4                     	;# 
   176  0DA5                     	;# 
   177  0DA5                     	;# 
   178  0DA6                     	;# 
   179  0DA7                     	;# 
   180  0DA7                     	;# 
   181  0DA8                     	;# 
   182  0DA9                     	;# 
   183  0DA9                     	;# 
   184  0DAA                     	;# 
   185  0DAB                     	;# 
   186  0DAC                     	;# 
   187  0DAC                     	;# 
   188  0DAD                     	;# 
   189  0DAD                     	;# 
   190  0DAE                     	;# 
   191  0DAF                     	;# 
   192  0DB0                     	;# 
   193  0DB1                     	;# 
   194  0DB1                     	;# 
   195  0DB2                     	;# 
   196  0DB3                     	;# 
   197  0DB3                     	;# 
   198  0DB4                     	;# 
   199  0DB5                     	;# 
   200  0DB5                     	;# 
   201  0DB6                     	;# 
   202  0DB7                     	;# 
   203  0DB7                     	;# 
   204  0DB8                     	;# 
   205  0DB9                     	;# 
   206  0DB9                     	;# 
   207  0DBA                     	;# 
   208  0DBB                     	;# 
   209  0DBC                     	;# 
   210  0DBC                     	;# 
   211  0DBD                     	;# 
   212  0DBD                     	;# 
   213  0DBE                     	;# 
   214  0DBF                     	;# 
   215  0DC0                     	;# 
   216  0DC1                     	;# 
   217  0DC1                     	;# 
   218  0DC2                     	;# 
   219  0DC3                     	;# 
   220  0DC3                     	;# 
   221  0DC4                     	;# 
   222  0DC5                     	;# 
   223  0DC5                     	;# 
   224  0DC6                     	;# 
   225  0DC7                     	;# 
   226  0DC7                     	;# 
   227  0DC8                     	;# 
   228  0DC9                     	;# 
   229  0DC9                     	;# 
   230  0DCA                     	;# 
   231  0DCB                     	;# 
   232  0DCC                     	;# 
   233  0DCC                     	;# 
   234  0DCD                     	;# 
   235  0DCD                     	;# 
   236  0DCE                     	;# 
   237  0DCF                     	;# 
   238  0DD0                     	;# 
   239  0E0F                     	;# 
   240  0E10                     	;# 
   241  0E11                     	;# 
   242  0E12                     	;# 
   243  0E13                     	;# 
   244  0E14                     	;# 
   245  0E15                     	;# 
   246  0E16                     	;# 
   247  0E17                     	;# 
   248  0E90                     	;# 
   249  0E91                     	;# 
   250  0E92                     	;# 
   251  0E94                     	;# 
   252  0E95                     	;# 
   253  0EA0                     	;# 
   254  0EA1                     	;# 
   255  0EA2                     	;# 
   256  0EA3                     	;# 
   257  0EA4                     	;# 
   258  0EA5                     	;# 
   259  0FE4                     	;# 
   260  0FE5                     	;# 
   261  0FE6                     	;# 
   262  0FE7                     	;# 
   263  0FE8                     	;# 
   264  0FE8                     	;# 
   265  0FE9                     	;# 
   266  0FEA                     	;# 
   267  0FEA                     	;# 
   268  0FEB                     	;# 
   269  0FED                     	;# 
   270  0FEE                     	;# 
   271  0FEE                     	;# 
   272  0FEF                     	;# 
   273                           
   274                           	psect	idataCOMMON
   275  0000                     __pidataCOMMON:	
   276                           
   277                           	psect	stringtext
   278  0099                     __pstringtext:	
   279  0099                     _PWM:	
   280  0099  3400               	retlw	0
   281  009A  3400               	retlw	0
   282  009B  3401               	retlw	1
   283  009C  3400               	retlw	0
   284  009D  3403               	retlw	3
   285  009E  3400               	retlw	0
   286  009F  3406               	retlw	6
   287  00A0  3400               	retlw	0
   288  00A1  340B               	retlw	11
   289  00A2  3400               	retlw	0
   290  00A3  3410               	retlw	16
   291  00A4  3400               	retlw	0
   292  00A5  3417               	retlw	23
   293  00A6  3400               	retlw	0
   294  00A7  341E               	retlw	30
   295  00A8  3400               	retlw	0
   296  00A9  3426               	retlw	38
   297  00AA  3400               	retlw	0
   298  00AB  342E               	retlw	46
   299  00AC  3400               	retlw	0
   300  00AD  3438               	retlw	56
   301  00AE  3400               	retlw	0
   302  00AF  3442               	retlw	66
   303  00B0  3400               	retlw	0
   304  00B1  344D               	retlw	77
   305  00B2  3400               	retlw	0
   306  00B3  3459               	retlw	89
   307  00B4  3400               	retlw	0
   308  00B5  3465               	retlw	101
   309  00B6  3400               	retlw	0
   310  00B7  3472               	retlw	114
   311  00B8  3400               	retlw	0
   312  00B9  347F               	retlw	127
   313  00BA  3400               	retlw	0
   314  00BB  348E               	retlw	142
   315  00BC  3400               	retlw	0
   316  00BD  349D               	retlw	157
   317  00BE  3400               	retlw	0
   318  00BF  34AC               	retlw	172
   319  00C0  3400               	retlw	0
   320  00C1  34BD               	retlw	189
   321  00C2  3400               	retlw	0
   322  00C3  34CE               	retlw	206
   323  00C4  3400               	retlw	0
   324  00C5  34DF               	retlw	223
   325  00C6  3400               	retlw	0
   326  00C7  34F1               	retlw	241
   327  00C8  3400               	retlw	0
   328  00C9  3404               	retlw	4
   329  00CA  3401               	retlw	1
   330  00CB  3417               	retlw	23
   331  00CC  3401               	retlw	1
   332  00CD  342B               	retlw	43
   333  00CE  3401               	retlw	1
   334  00CF  343F               	retlw	63
   335  00D0  3401               	retlw	1
   336  00D1  3454               	retlw	84
   337  00D2  3401               	retlw	1
   338  00D3  346A               	retlw	106
   339  00D4  3401               	retlw	1
   340  00D5  3480               	retlw	128
   341  00D6  3401               	retlw	1
   342  00D7  3497               	retlw	151
   343  00D8  3401               	retlw	1
   344  00D9  34AE               	retlw	174
   345  00DA  3401               	retlw	1
   346  00DB  34C6               	retlw	198
   347  00DC  3401               	retlw	1
   348  00DD  34DE               	retlw	222
   349  00DE  3401               	retlw	1
   350  00DF  34F7               	retlw	247
   351  00E0  3401               	retlw	1
   352  00E1  3411               	retlw	17
   353  00E2  3402               	retlw	2
   354  00E3  342B               	retlw	43
   355  00E4  3402               	retlw	2
   356  00E5  3445               	retlw	69
   357  00E6  3402               	retlw	2
   358  00E7  3460               	retlw	96
   359  00E8  3402               	retlw	2
   360  00E9  347C               	retlw	124
   361  00EA  3402               	retlw	2
   362  00EB  3498               	retlw	152
   363  00EC  3402               	retlw	2
   364  00ED  34B4               	retlw	180
   365  00EE  3402               	retlw	2
   366  00EF  34D2               	retlw	210
   367  00F0  3402               	retlw	2
   368  00F1  34EF               	retlw	239
   369  00F2  3402               	retlw	2
   370  00F3  340D               	retlw	13
   371  00F4  3403               	retlw	3
   372  00F5  342C               	retlw	44
   373  00F6  3403               	retlw	3
   374  00F7  344B               	retlw	75
   375  00F8  3403               	retlw	3
   376  00F9  346B               	retlw	107
   377  00FA  3403               	retlw	3
   378  00FB  348B               	retlw	139
   379  00FC  3403               	retlw	3
   380  00FD  34AC               	retlw	172
   381  00FE  3403               	retlw	3
   382  00FF  34CD               	retlw	205
   383  0100  3403               	retlw	3
   384  0101  34EE               	retlw	238
   385  0102  3403               	retlw	3
   386  0103  3411               	retlw	17
   387  0104  3404               	retlw	4
   388  0105  3433               	retlw	51
   389  0106  3404               	retlw	4
   390  0107  3456               	retlw	86
   391  0108  3404               	retlw	4
   392  0109  347A               	retlw	122
   393  010A  3404               	retlw	4
   394  010B  349E               	retlw	158
   395  010C  3404               	retlw	4
   396  010D  34C2               	retlw	194
   397  010E  3404               	retlw	4
   398  010F  34E8               	retlw	232
   399  0110  3404               	retlw	4
   400  0111  340D               	retlw	13
   401  0112  3405               	retlw	5
   402  0113  3433               	retlw	51
   403  0114  3405               	retlw	5
   404  0115  3459               	retlw	89
   405  0116  3405               	retlw	5
   406  0117  3480               	retlw	128
   407  0118  3405               	retlw	5
   408  0119  34A8               	retlw	168
   409  011A  3405               	retlw	5
   410  011B  34CF               	retlw	207
   411  011C  3405               	retlw	5
   412  011D  34F8               	retlw	248
   413  011E  3405               	retlw	5
   414  011F  3421               	retlw	33
   415  0120  3406               	retlw	6
   416  0121  344A               	retlw	74
   417  0122  3406               	retlw	6
   418  0123  3473               	retlw	115
   419  0124  3406               	retlw	6
   420  0125  349E               	retlw	158
   421  0126  3406               	retlw	6
   422  0127  34C8               	retlw	200
   423  0128  3406               	retlw	6
   424  0129  34F3               	retlw	243
   425  012A  3406               	retlw	6
   426  012B  341F               	retlw	31
   427  012C  3407               	retlw	7
   428  012D  344B               	retlw	75
   429  012E  3407               	retlw	7
   430  012F  3477               	retlw	119
   431  0130  3407               	retlw	7
   432  0131  34A4               	retlw	164
   433  0132  3407               	retlw	7
   434  0133  34D1               	retlw	209
   435  0134  3407               	retlw	7
   436  0135  34FF               	retlw	255
   437  0136  3407               	retlw	7
   438  0137  342D               	retlw	45
   439  0138  3408               	retlw	8
   440  0139  345B               	retlw	91
   441  013A  3408               	retlw	8
   442  013B  348B               	retlw	139
   443  013C  3408               	retlw	8
   444  013D  34BA               	retlw	186
   445  013E  3408               	retlw	8
   446  013F  34EA               	retlw	234
   447  0140  3408               	retlw	8
   448  0141  341A               	retlw	26
   449  0142  3409               	retlw	9
   450  0143  344B               	retlw	75
   451  0144  3409               	retlw	9
   452  0145  347C               	retlw	124
   453  0146  3409               	retlw	9
   454  0147  34AE               	retlw	174
   455  0148  3409               	retlw	9
   456  0149  34E0               	retlw	224
   457  014A  3409               	retlw	9
   458  014B  3412               	retlw	18
   459  014C  340A               	retlw	10
   460  014D  3445               	retlw	69
   461  014E  340A               	retlw	10
   462  014F  3479               	retlw	121
   463  0150  340A               	retlw	10
   464  0151  34AC               	retlw	172
   465  0152  340A               	retlw	10
   466  0153  34E1               	retlw	225
   467  0154  340A               	retlw	10
   468  0155  3415               	retlw	21
   469  0156  340B               	retlw	11
   470  0157  344A               	retlw	74
   471  0158  340B               	retlw	11
   472  0159  3480               	retlw	128
   473  015A  340B               	retlw	11
   474  015B  34B6               	retlw	182
   475  015C  340B               	retlw	11
   476  015D  34EC               	retlw	236
   477  015E  340B               	retlw	11
   478  015F  3423               	retlw	35
   479  0160  340C               	retlw	12
   480  0161  345A               	retlw	90
   481  0162  340C               	retlw	12
   482  0163  3491               	retlw	145
   483  0164  340C               	retlw	12
   484  0165  34C9               	retlw	201
   485  0166  340C               	retlw	12
   486  0167  3402               	retlw	2
   487  0168  340D               	retlw	13
   488  0169  343A               	retlw	58
   489  016A  340D               	retlw	13
   490  016B  3474               	retlw	116
   491  016C  340D               	retlw	13
   492  016D  34AD               	retlw	173
   493  016E  340D               	retlw	13
   494  016F  34E7               	retlw	231
   495  0170  340D               	retlw	13
   496  0171  3422               	retlw	34
   497  0172  340E               	retlw	14
   498  0173  345D               	retlw	93
   499  0174  340E               	retlw	14
   500  0175  3498               	retlw	152
   501  0176  340E               	retlw	14
   502  0177  34D3               	retlw	211
   503  0178  340E               	retlw	14
   504  0179  340F               	retlw	15
   505  017A  340F               	retlw	15
   506  017B  344C               	retlw	76
   507  017C  340F               	retlw	15
   508  017D  3489               	retlw	137
   509  017E  340F               	retlw	15
   510  017F  34C6               	retlw	198
   511  0180  340F               	retlw	15
   512  0181  3404               	retlw	4
   513  0182  3410               	retlw	16
   514  0183  3442               	retlw	66
   515  0184  3410               	retlw	16
   516  0185  3480               	retlw	128
   517  0186  3410               	retlw	16
   518  0187  34BF               	retlw	191
   519  0188  3410               	retlw	16
   520  0189  34FE               	retlw	254
   521  018A  3410               	retlw	16
   522  018B  343E               	retlw	62
   523  018C  3411               	retlw	17
   524  018D  347E               	retlw	126
   525  018E  3411               	retlw	17
   526  018F  34BE               	retlw	190
   527  0190  3411               	retlw	17
   528  0191  34FF               	retlw	255
   529  0192  3411               	retlw	17
   530  0193  3440               	retlw	64
   531  0194  3412               	retlw	18
   532  0195  3482               	retlw	130
   533  0196  3412               	retlw	18
   534  0197  34C4               	retlw	196
   535  0198  3412               	retlw	18
   536  0199  3406               	retlw	6
   537  019A  3413               	retlw	19
   538  019B  3449               	retlw	73
   539  019C  3413               	retlw	19
   540  019D  348C               	retlw	140
   541  019E  3413               	retlw	19
   542  019F  34D0               	retlw	208
   543  01A0  3413               	retlw	19
   544  01A1  3414               	retlw	20
   545  01A2  3414               	retlw	20
   546  01A3  3458               	retlw	88
   547  01A4  3414               	retlw	20
   548  01A5  349D               	retlw	157
   549  01A6  3414               	retlw	20
   550  01A7  34E2               	retlw	226
   551  01A8  3414               	retlw	20
   552  01A9  3428               	retlw	40
   553  01AA  3415               	retlw	21
   554  01AB  346E               	retlw	110
   555  01AC  3415               	retlw	21
   556  01AD  34B4               	retlw	180
   557  01AE  3415               	retlw	21
   558  01AF  34FA               	retlw	250
   559  01B0  3415               	retlw	21
   560  01B1  3442               	retlw	66
   561  01B2  3416               	retlw	22
   562  01B3  3489               	retlw	137
   563  01B4  3416               	retlw	22
   564  01B5  34D1               	retlw	209
   565  01B6  3416               	retlw	22
   566  01B7  3419               	retlw	25
   567  01B8  3417               	retlw	23
   568  01B9  3461               	retlw	97
   569  01BA  3417               	retlw	23
   570  01BB  34AA               	retlw	170
   571  01BC  3417               	retlw	23
   572  01BD  34F4               	retlw	244
   573  01BE  3417               	retlw	23
   574  01BF  343D               	retlw	61
   575  01C0  3418               	retlw	24
   576  01C1  3487               	retlw	135
   577  01C2  3418               	retlw	24
   578  01C3  34D2               	retlw	210
   579  01C4  3418               	retlw	24
   580  01C5  341D               	retlw	29
   581  01C6  3419               	retlw	25
   582  01C7  3468               	retlw	104
   583  01C8  3419               	retlw	25
   584  01C9  34B4               	retlw	180
   585  01CA  3419               	retlw	25
   586  01CB  34FF               	retlw	255
   587  01CC  3419               	retlw	25
   588  01CD  344C               	retlw	76
   589  01CE  341A               	retlw	26
   590  01CF  3498               	retlw	152
   591  01D0  341A               	retlw	26
   592  01D1  34E6               	retlw	230
   593  01D2  341A               	retlw	26
   594  01D3  3433               	retlw	51
   595  01D4  341B               	retlw	27
   596  01D5  3481               	retlw	129
   597  01D6  341B               	retlw	27
   598  01D7  34CF               	retlw	207
   599  01D8  341B               	retlw	27
   600  01D9  341D               	retlw	29
   601  01DA  341C               	retlw	28
   602  01DB  346C               	retlw	108
   603  01DC  341C               	retlw	28
   604  01DD  34BC               	retlw	188
   605  01DE  341C               	retlw	28
   606  01DF  340B               	retlw	11
   607  01E0  341D               	retlw	29
   608  01E1  345B               	retlw	91
   609  01E2  341D               	retlw	29
   610  01E3  34AC               	retlw	172
   611  01E4  341D               	retlw	29
   612  01E5  34FC               	retlw	252
   613  01E6  341D               	retlw	29
   614  01E7  344E               	retlw	78
   615  01E8  341E               	retlw	30
   616  01E9  349F               	retlw	159
   617  01EA  341E               	retlw	30
   618  01EB  34F1               	retlw	241
   619  01EC  341E               	retlw	30
   620  01ED  3443               	retlw	67
   621  01EE  341F               	retlw	31
   622  01EF  3496               	retlw	150
   623  01F0  341F               	retlw	31
   624  01F1  34E9               	retlw	233
   625  01F2  341F               	retlw	31
   626  01F3  343C               	retlw	60
   627  01F4  3420               	retlw	32
   628  01F5  3490               	retlw	144
   629  01F6  3420               	retlw	32
   630  01F7  34E4               	retlw	228
   631  01F8  3420               	retlw	32
   632  01F9  3438               	retlw	56
   633  01FA  3421               	retlw	33
   634  01FB  348D               	retlw	141
   635  01FC  3421               	retlw	33
   636  01FD  34E2               	retlw	226
   637  01FE  3421               	retlw	33
   638  01FF  3437               	retlw	55
   639  0200  3422               	retlw	34
   640  0201  348D               	retlw	141
   641  0202  3422               	retlw	34
   642  0203  34E3               	retlw	227
   643  0204  3422               	retlw	34
   644  0205  343A               	retlw	58
   645  0206  3423               	retlw	35
   646  0207  3491               	retlw	145
   647  0208  3423               	retlw	35
   648  0209  34E8               	retlw	232
   649  020A  3423               	retlw	35
   650  020B  3440               	retlw	64
   651  020C  3424               	retlw	36
   652  020D  3498               	retlw	152
   653  020E  3424               	retlw	36
   654  020F  34F0               	retlw	240
   655  0210  3424               	retlw	36
   656  0211  3449               	retlw	73
   657  0212  3425               	retlw	37
   658  0213  34A2               	retlw	162
   659  0214  3425               	retlw	37
   660  0215  34FB               	retlw	251
   661  0216  3425               	retlw	37
   662  0217  3455               	retlw	85
   663  0218  3426               	retlw	38
   664  0219  34AF               	retlw	175
   665  021A  3426               	retlw	38
   666  021B  3409               	retlw	9
   667  021C  3427               	retlw	39
   668  021D  3464               	retlw	100
   669  021E  3427               	retlw	39
   670  021F  34BF               	retlw	191
   671  0220  3427               	retlw	39
   672  0221  341B               	retlw	27
   673  0222  3428               	retlw	40
   674  0223  3476               	retlw	118
   675  0224  3428               	retlw	40
   676  0225  34D3               	retlw	211
   677  0226  3428               	retlw	40
   678  0227  342F               	retlw	47
   679  0228  3429               	retlw	41
   680  0229  348C               	retlw	140
   681  022A  3429               	retlw	41
   682  022B  34E9               	retlw	233
   683  022C  3429               	retlw	41
   684  022D  3447               	retlw	71
   685  022E  342A               	retlw	42
   686  022F  34A5               	retlw	165
   687  0230  342A               	retlw	42
   688  0231  3403               	retlw	3
   689  0232  342B               	retlw	43
   690  0233  3462               	retlw	98
   691  0234  342B               	retlw	43
   692  0235  34C1               	retlw	193
   693  0236  342B               	retlw	43
   694  0237  3420               	retlw	32
   695  0238  342C               	retlw	44
   696  0239  3480               	retlw	128
   697  023A  342C               	retlw	44
   698  023B  34E0               	retlw	224
   699  023C  342C               	retlw	44
   700  023D  3440               	retlw	64
   701  023E  342D               	retlw	45
   702  023F  34A1               	retlw	161
   703  0240  342D               	retlw	45
   704  0241  3402               	retlw	2
   705  0242  342E               	retlw	46
   706  0243  3463               	retlw	99
   707  0244  342E               	retlw	46
   708  0245  34C5               	retlw	197
   709  0246  342E               	retlw	46
   710  0247  3427               	retlw	39
   711  0248  342F               	retlw	47
   712  0249  348A               	retlw	138
   713  024A  342F               	retlw	47
   714  024B  34EC               	retlw	236
   715  024C  342F               	retlw	47
   716  024D  344F               	retlw	79
   717  024E  3430               	retlw	48
   718  024F  34B3               	retlw	179
   719  0250  3430               	retlw	48
   720  0251  3417               	retlw	23
   721  0252  3431               	retlw	49
   722  0253  347B               	retlw	123
   723  0254  3431               	retlw	49
   724  0255  34DF               	retlw	223
   725  0256  3431               	retlw	49
   726  0257  3444               	retlw	68
   727  0258  3432               	retlw	50
   728  0259  34A9               	retlw	169
   729  025A  3432               	retlw	50
   730  025B  340F               	retlw	15
   731  025C  3433               	retlw	51
   732  025D  3475               	retlw	117
   733  025E  3433               	retlw	51
   734  025F  34DB               	retlw	219
   735  0260  3433               	retlw	51
   736  0261  3441               	retlw	65
   737  0262  3434               	retlw	52
   738  0263  34A8               	retlw	168
   739  0264  3434               	retlw	52
   740  0265  340F               	retlw	15
   741  0266  3435               	retlw	53
   742  0267  3477               	retlw	119
   743  0268  3435               	retlw	53
   744  0269  34DF               	retlw	223
   745  026A  3435               	retlw	53
   746  026B  3447               	retlw	71
   747  026C  3436               	retlw	54
   748  026D  34AF               	retlw	175
   749  026E  3436               	retlw	54
   750  026F  3418               	retlw	24
   751  0270  3437               	retlw	55
   752  0271  3482               	retlw	130
   753  0272  3437               	retlw	55
   754  0273  34EB               	retlw	235
   755  0274  3437               	retlw	55
   756  0275  3455               	retlw	85
   757  0276  3438               	retlw	56
   758  0277  34BF               	retlw	191
   759  0278  3438               	retlw	56
   760  0279  342A               	retlw	42
   761  027A  3439               	retlw	57
   762  027B  3495               	retlw	149
   763  027C  3439               	retlw	57
   764  027D  3400               	retlw	0
   765  027E  343A               	retlw	58
   766  027F  346B               	retlw	107
   767  0280  343A               	retlw	58
   768  0281  34D7               	retlw	215
   769  0282  343A               	retlw	58
   770  0283  3443               	retlw	67
   771  0284  343B               	retlw	59
   772  0285  34B0               	retlw	176
   773  0286  343B               	retlw	59
   774  0287  341D               	retlw	29
   775  0288  343C               	retlw	60
   776  0289  348A               	retlw	138
   777  028A  343C               	retlw	60
   778  028B  34F8               	retlw	248
   779  028C  343C               	retlw	60
   780  028D  3465               	retlw	101
   781  028E  343D               	retlw	61
   782  028F  34D4               	retlw	212
   783  0290  343D               	retlw	61
   784  0291  3442               	retlw	66
   785  0292  343E               	retlw	62
   786  0293  34B1               	retlw	177
   787  0294  343E               	retlw	62
   788  0295  3420               	retlw	32
   789  0296  343F               	retlw	63
   790  0297  34FF               	retlw	255
   791  0298  343F               	retlw	63
   792  0299                     __end_of_PWM:	
   793  000B                     _INTCON	set	11
   794  001C                     _T2CON	set	28
   795  001B                     _PR2	set	27
   796  008D                     _RCIF	set	141
   797  0095                     _OPTION_REG	set	149
   798  0098                     _OSCTUNE	set	152
   799  0099                     _OSCCON	set	153
   800  048D                     _RCIE	set	1165
   801  0475                     _TRISC5	set	1141
   802  0472                     _TRISC2	set	1138
   803  0471                     _TRISC1	set	1137
   804  0470                     _TRISC0	set	1136
   805  0462                     _TRISA2	set	1122
   806  0199                     _RCREG	set	409
   807  019B                     _SPBRGL	set	411
   808  019C                     _SPBRGH	set	412
   809  019F                     _BAUDCON	set	415
   810  019D                     _RCSTA	set	413
   811  0CEA                     _FERR	set	3306
   812  0CF4                     _SYNC	set	3316
   813  0C72                     _ANSC2	set	3186
   814  0C71                     _ANSC1	set	3185
   815  0C70                     _ANSC0	set	3184
   816  0C62                     _ANSA2	set	3170
   817  0D9F                     _PWM1LDCON	set	3487
   818  0DCE                     _PWM4CLKCON	set	3534
   819  0DBE                     _PWM3CLKCON	set	3518
   820  0DAE                     _PWM2CLKCON	set	3502
   821  0D9E                     _PWM1CLKCON	set	3486
   822  0DC5                     _PWM4PRL	set	3525
   823  0DB5                     _PWM3PRL	set	3509
   824  0DA5                     _PWM2PRL	set	3493
   825  0D95                     _PWM1PRL	set	3477
   826  0DC6                     _PWM4PRH	set	3526
   827  0DB6                     _PWM3PRH	set	3510
   828  0DA6                     _PWM2PRH	set	3494
   829  0D96                     _PWM1PRH	set	3478
   830  0DC1                     _PWM4PHL	set	3521
   831  0DB1                     _PWM3PHL	set	3505
   832  0DA1                     _PWM2PHL	set	3489
   833  0D91                     _PWM1PHL	set	3473
   834  0DC2                     _PWM4PHH	set	3522
   835  0DB2                     _PWM3PHH	set	3506
   836  0DA2                     _PWM2PHH	set	3490
   837  0D92                     _PWM1PHH	set	3474
   838  0DC3                     _PWM4DCL	set	3523
   839  0DB3                     _PWM3DCL	set	3507
   840  0DA3                     _PWM2DCL	set	3491
   841  0D93                     _PWM1DCL	set	3475
   842  0DC4                     _PWM4DCH	set	3524
   843  0DB4                     _PWM3DCH	set	3508
   844  0DA4                     _PWM2DCH	set	3492
   845  0D94                     _PWM1DCH	set	3476
   846  0DCB                     _PWM4CON	set	3531
   847  0DBB                     _PWM3CON	set	3515
   848  0DAB                     _PWM2CON	set	3499
   849  0D9B                     _PWM1CON	set	3483
   850  0E15                     _RXPPS	set	3605
   851  0EA2                     _RC2PPS	set	3746
   852  0EA1                     _RC1PPS	set	3745
   853  0EA0                     _RC0PPS	set	3744
   854  0E92                     _RA2PPS	set	3730
   855                           
   856                           ; #config settings
   857  0000                     
   858                           	psect	cinit
   859  000C                     start_initialization:	
   860  000C                     __initialization:	
   861                           
   862                           ;initializer for _DMX_Address
   863  000C  3005               	movlw	5
   864  000D  00F8               	movwf	__pdataCOMMON& (0+127)
   865  000E  3020               	movlw	low __pbssBANK0
   866  000F  01F9               	clrf	(__pdataCOMMON+1)& (0+127)
   867                           
   868                           ; Clear objects allocated to COMMON
   869  0010  01F0               	clrf	__pbssCOMMON& (0+127)
   870  0011  01F1               	clrf	(__pbssCOMMON+1)& (0+127)
   871  0012  01F2               	clrf	(__pbssCOMMON+2)& (0+127)
   872  0013  01F3               	clrf	(__pbssCOMMON+3)& (0+127)
   873                           
   874                           ; Clear objects allocated to BANK0
   875  0014  0084               	movwf	4
   876  0015  3000               	movlw	high __pbssBANK0
   877  0016  0085               	movwf	5
   878  0017  3013               	movlw	19
   879  0018  3183  231D  3180   	fcall	clear_ram0
   880  001B                     end_of_initialization:	
   881                           ;End of C runtime variable initialization code
   882                           
   883  001B                     __end_of__initialization:	
   884  001B  107E               	bcf	126,0	;clear compiler interrupt flag (level 1)
   885  001C  0020               	movlb	0
   886  001D  281E               	ljmp	_main	;jump to C main() function
   887  001E                     __pmaintext:	
   888 ;;
   889 ;;Main: autosize = 0, tempsize = 4, incstack = 0, save=0
   890 ;;
   891 ;; *************** function _main *****************
   892 ;; Defined at:
   893 ;;		line 164 in file "main.c"
   894 ;; Parameters:    Size  Location     Type
   895 ;;		None
   896 ;; Auto vars:     Size  Location     Type
   897 ;;		None
   898 ;; Return value:  Size  Location     Type
   899 ;;                  1    wreg      void 
   900 ;; Registers used:
   901 ;;		wreg, fsr0l, fsr0h, status,2, status,0, pclath
   902 ;; Tracked objects:
   903 ;;		On entry : B1F/0
   904 ;;		On exit  : B1F/1B
   905 ;;		Unchanged: B00/0
   906 ;; Data sizes:     COMMON   BANK0   BANK1   BANK2   BANK3   BANK4   BANK5   BANK6
   907 ;;      Params:         0       0       0       0       0       0       0       0
   908 ;;      Locals:         0       0       0       0       0       0       0       0
   909 ;;      Temps:          0       4       0       0       0       0       0       0
   910 ;;      Totals:         0       4       0       0       0       0       0       0
   911 ;;Total ram usage:        4 bytes
   912 ;; Hardware stack levels required when called:    2
   913 ;; This function calls:
   914 ;;		Nothing
   915 ;; This function is called by:
   916 ;;		Startup code after reset
   917 ;; This function uses a non-reentrant model
   918 ;;
   919                           
   920                           
   921                           ;psect for function _main
   922  001E                     _main:	
   923                           
   924                           ;main.c: 167: PWM1CON=PWM2CON=PWM3CON=PWM4CON=0b10000000;
   925                           
   926                           ;incstack = 0
   927                           ; Regs used in _main: [wreg-fsr0h+status,2+status,0+pclath]
   928  001E  3080               	movlw	128
   929  001F  003B               	movlb	27	; select bank27
   930  0020  00CB               	movwf	75	;volatile
   931  0021  00BB               	movwf	59	;volatile
   932  0022  00AB               	movwf	43	;volatile
   933  0023  009B               	movwf	27	;volatile
   934                           
   935                           ;main.c: 168: PR2=0xFF;
   936  0024  30FF               	movlw	255
   937  0025  0020               	movlb	0	; select bank0
   938  0026  009B               	movwf	27	;volatile
   939                           
   940                           ;main.c: 169: T2CON=0b00000101;
   941  0027  3005               	movlw	5
   942  0028  009C               	movwf	28	;volatile
   943                           
   944                           ;main.c: 171: OSCCON= 0b11111000;
   945  0029  30F8               	movlw	248
   946  002A  0021               	movlb	1	; select bank1
   947  002B  0099               	movwf	25	;volatile
   948                           
   949                           ;main.c: 172: OSCTUNE=0b000000;
   950  002C  0198               	clrf	24	;volatile
   951                           
   952                           ;main.c: 174: TRISA2=TRISC0=TRISC1=TRISC2=0;
   953  002D  110E               	bcf	14,2	;volatile
   954  002E  108E               	bcf	14,1	;volatile
   955  002F  100E               	bcf	14,0	;volatile
   956  0030  110C               	bcf	12,2	;volatile
   957                           
   958                           ;main.c: 175: ANSA2=ANSC0=ANSC1=ANSC2=0;
   959  0031  0023               	movlb	3	; select bank3
   960  0032  110E               	bcf	14,2	;volatile
   961  0033  108E               	bcf	14,1	;volatile
   962  0034  100E               	bcf	14,0	;volatile
   963  0035  110C               	bcf	12,2	;volatile
   964                           
   965                           ;main.c: 176: RA2PPS=0b0011;
   966  0036  3003               	movlw	3
   967  0037  003D               	movlb	29	; select bank29
   968  0038  0092               	movwf	18	;volatile
   969                           
   970                           ;main.c: 177: RC0PPS=0b0100;
   971  0039  3004               	movlw	4
   972  003A  00A0               	movwf	32	;volatile
   973                           
   974                           ;main.c: 178: RC1PPS=0b0101;
   975  003B  3005               	movlw	5
   976  003C  00A1               	movwf	33	;volatile
   977                           
   978                           ;main.c: 179: RC2PPS=0b0110;
   979  003D  3006               	movlw	6
   980  003E  00A2               	movwf	34	;volatile
   981                           
   982                           ;main.c: 181: PWM1DCH=0x2F;
   983  003F  302F               	movlw	47
   984  0040  003B               	movlb	27	; select bank27
   985  0041  0094               	movwf	20	;volatile
   986                           
   987                           ;main.c: 182: PWM2DCH=0x0C;
   988  0042  300C               	movlw	12
   989  0043  00A4               	movwf	36	;volatile
   990                           
   991                           ;main.c: 183: PWM3DCH=0x09;
   992  0044  3009               	movlw	9
   993  0045  00B4               	movwf	52	;volatile
   994                           
   995                           ;main.c: 184: PWM4DCH=0x06;
   996  0046  3006               	movlw	6
   997  0047  00C4               	movwf	68	;volatile
   998                           
   999                           ;main.c: 186: PWM1DCL=0xFF;
  1000  0048  30FF               	movlw	255
  1001  0049  0093               	movwf	19	;volatile
  1002                           
  1003                           ;main.c: 187: PWM2DCL=0x7E;
  1004  004A  307E               	movlw	126
  1005  004B  00A3               	movwf	35	;volatile
  1006                           
  1007                           ;main.c: 188: PWM3DCL=0x0D;
  1008  004C  300D               	movlw	13
  1009  004D  00B3               	movwf	51	;volatile
  1010                           
  1011                           ;main.c: 189: PWM4DCL=0x9C;
  1012  004E  309C               	movlw	156
  1013  004F  00C3               	movwf	67	;volatile
  1014                           
  1015                           ;main.c: 191: PWM1PHH=PWM2PHH=PWM3PHH=PWM4PHH=0x00;
  1016  0050  01C2               	clrf	66	;volatile
  1017  0051  01B2               	clrf	50	;volatile
  1018  0052  01A2               	clrf	34	;volatile
  1019  0053  0192               	clrf	18	;volatile
  1020                           
  1021                           ;main.c: 192: PWM1PHL=PWM2PHL=PWM3PHL=PWM4PHL=0x00;
  1022  0054  01C1               	clrf	65	;volatile
  1023  0055  01B1               	clrf	49	;volatile
  1024  0056  01A1               	clrf	33	;volatile
  1025  0057  0191               	clrf	17	;volatile
  1026                           
  1027                           ;main.c: 193: PWM1PRH=PWM2PRH=PWM3PRH=PWM4PRH=0x1F;
  1028  0058  301F               	movlw	31
  1029  0059  00C6               	movwf	70	;volatile
  1030  005A  00B6               	movwf	54	;volatile
  1031  005B  00A6               	movwf	38	;volatile
  1032  005C  0096               	movwf	22	;volatile
  1033                           
  1034                           ;main.c: 194: PWM1PRL=PWM2PRL=PWM3PRL=PWM4PRL=0xFF;
  1035  005D  30FF               	movlw	255
  1036  005E  00C5               	movwf	69	;volatile
  1037  005F  00B5               	movwf	53	;volatile
  1038  0060  00A5               	movwf	37	;volatile
  1039  0061  0095               	movwf	21	;volatile
  1040                           
  1041                           ;main.c: 195: PWM1CLKCON=PWM2CLKCON=PWM3CLKCON=PWM4CLKCON=0b00000000;
  1042  0062  01CE               	clrf	78	;volatile
  1043  0063  01BE               	clrf	62	;volatile
  1044  0064  01AE               	clrf	46	;volatile
  1045  0065  019E               	clrf	30	;volatile
  1046                           
  1047                           ;main.c: 199: OPTION_REG=0b00000101;
  1048  0066  3005               	movlw	5
  1049  0067  0021               	movlb	1	; select bank1
  1050  0068  0095               	movwf	21	;volatile
  1051                           
  1052                           ;main.c: 200: INTCON=0b11100000;
  1053  0069  30E0               	movlw	224
  1054  006A  008B               	movwf	11	;volatile
  1055                           
  1056                           ;main.c: 204: RXPPS=0b10101;
  1057  006B  3015               	movlw	21
  1058  006C  003C               	movlb	28	; select bank28
  1059  006D  0095               	movwf	21	;volatile
  1060                           
  1061                           ;main.c: 205: TRISC5=1;
  1062  006E  0021               	movlb	1	; select bank1
  1063  006F  168E               	bsf	14,5	;volatile
  1064                           
  1065                           ;main.c: 206: RCSTA=0b10010000;
  1066  0070  3090               	movlw	144
  1067  0071  0023               	movlb	3	; select bank3
  1068  0072  009D               	movwf	29	;volatile
  1069                           
  1070                           ;main.c: 207: SYNC=0;
  1071  0073  121E               	bcf	30,4	;volatile
  1072                           
  1073                           ;main.c: 208: BAUDCON=0b00000000;
  1074  0074  019F               	clrf	31	;volatile
  1075                           
  1076                           ;main.c: 209: SPBRGH=0x00;
  1077  0075  019C               	clrf	28	;volatile
  1078                           
  1079                           ;main.c: 210: SPBRGL=0x00;
  1080  0076  019B               	clrf	27	;volatile
  1081                           
  1082                           ;main.c: 211: RCIE=1;
  1083  0077  0021               	movlb	1	; select bank1
  1084  0078  1691               	bsf	17,5	;volatile
  1085  0079                     l879:	
  1086                           
  1087                           ;main.c: 232: {
  1088                           ;main.c: 233: if(Flags.RxNew==1)
  1089  0079  1C72               	btfss	_Flags,0	;volatile
  1090  007A  2879               	goto	l879
  1091                           
  1092                           ;main.c: 234: {
  1093                           ;main.c: 235: Flags.RxNew=0;
  1094  007B  1072               	bcf	_Flags,0	;volatile
  1095                           
  1096                           ;main.c: 238: PWM1DCH=((char)(PWM[RGBW[0]]>>8));
  1097  007C  208C  3180         	fcall	PL2	;call to abstracted procedure
  1098  007E  3F00               	moviw [0]fsr0
  1099  007F  00B5               	movwf	??_main+2
  1100  0080  3F01               	moviw [1]fsr0
  1101  0081  00B6               	movwf	??_main+3
  1102  0082  003B               	movlb	27	; select bank27
  1103  0083  0094               	movwf	20	;volatile
  1104                           
  1105                           ;main.c: 239: PWM1DCL=((char)PWM[RGBW[0]]);
  1106  0084  208C  3180         	fcall	PL2	;call to abstracted procedure
  1107  0086  0800               	movf	0,w	;code access
  1108  0087  003B               	movlb	27	; select bank27
  1109  0088  0093               	movwf	19	;volatile
  1110                           
  1111                           ;main.c: 240: PWM1LDCON=0b10000000;
  1112  0089  3080               	movlw	128
  1113  008A  009F               	movwf	31	;volatile
  1114  008B  2879               	goto	l879
  1115  008C                     __end_of_main:	
  1116  008C                     PL2:	
  1117  008C  0020               	movlb	0	; select bank0
  1118  008D  0826               	movf	_RGBW,w
  1119  008E  00B3               	movwf	??_main
  1120  008F  3099               	movlw	low (_PWM| (0+32768))
  1121  0090  01B4               	clrf	??_main+1
  1122  0091  35B3               	lslf	??_main,f
  1123  0092  0DB4               	rlf	??_main+1,f
  1124  0093  0733               	addwf	??_main,w
  1125  0094  0084               	movwf	4
  1126  0095  3080               	movlw	high (_PWM| (0+32768))
  1127  0096  3D34               	addwfc	??_main+1,w
  1128  0097  0085               	movwf	5
  1129  0098  0008               	return
  1130  0099                     __end_ofPL2:	
  1131                           
  1132                           	psect	bssCOMMON
  1133  0070                     __pbssCOMMON:	
  1134  0070                     _RxAddrCount:	
  1135  0070                     	ds	2
  1136  0072                     _Flags:	
  1137  0072                     	ds	1
  1138  0073                     _RxState:	
  1139  0073                     	ds	1
  1140                           
  1141                           	psect	dataCOMMON
  1142  0078                     __pdataCOMMON:	
  1143  0078                     _DMX_Address:	
  1144  0078                     	ds	2
  1145                           
  1146                           	psect	bssBANK0
  1147  0020                     __pbssBANK0:	
  1148  0020                     _Timer:	
  1149  0020                     	ds	6
  1150  0026                     _RGBW:	
  1151  0026                     	ds	4
  1152  002A                     _RxTimer:	
  1153  002A                     	ds	2
  1154  002C                     _TimerState:	
  1155  002C                     	ds	1
  1156  002D                     _RxDataPtr:	
  1157  002D                     	ds	1
  1158  002E                     _DMX_RxStart:	
  1159  002E                     	ds	1
  1160  002F                     _RxData:	
  1161  002F                     	ds	4
  1162                           
  1163                           	psect	clrtext
  1164  031D                     clear_ram0:	
  1165                           ;	Called with FSR0 containing the base address, and
  1166                           ;	WREG with the size to clear
  1167                           
  1168  031D  0064               	clrwdt	;clear the watchdog before getting into this loop
  1169  031E                     clrloop0:	
  1170  031E  0180               	clrf	0	;clear RAM location pointed to by FSR
  1171  031F  3101               	addfsr 0,1
  1172  0320  0B89               	decfsz	9,f	;Have we reached the end of clearing yet?
  1173  0321  2B1E               	goto	clrloop0	;have we reached the end yet?
  1174  0322  3400               	retlw	0	;all done for this memory range, return
  1175                           
  1176                           	psect	cstackCOMMON
  1177  0074                     __pcstackCOMMON:	
  1178  0074                     ?_DMX_interrput:	
  1179  0074                     ??_DMX_interrput:	
  1180                           ; 1 bytes @ 0x0
  1181                           
  1182  0074                     ?_main:	
  1183                           ; 1 bytes @ 0x0
  1184                           
  1185  0074                     ?_isr:	
  1186                           ; 1 bytes @ 0x0
  1187                           
  1188                           
  1189                           ; 1 bytes @ 0x0
  1190  0074                     	ds	3
  1191  0077                     DMX_interrput@RxDat:	
  1192                           
  1193                           ; 1 bytes @ 0x3
  1194  0077                     	ds	1
  1195  0078                     ??_isr:	
  1196                           
  1197                           	psect	cstackBANK0
  1198  0033                     __pcstackBANK0:	
  1199                           ; 1 bytes @ 0x4
  1200                           
  1201  0033                     ??_main:	
  1202                           
  1203                           ; 1 bytes @ 0x0
  1204  0033                     	ds	4
  1205                           
  1206                           	psect	intentry
  1207  0004                     __pintentry:	
  1208 ;; *************** function _isr *****************
  1209 ;; Defined at:
  1210 ;;		line 257 in file "main.c"
  1211 ;; Parameters:    Size  Location     Type
  1212 ;;		None
  1213 ;; Auto vars:     Size  Location     Type
  1214 ;;		None
  1215 ;; Return value:  Size  Location     Type
  1216 ;;                  1    wreg      void 
  1217 ;; Registers used:
  1218 ;;		wreg, fsr0l, fsr0h, fsr1l, fsr1h, status,2, status,0, pclath, cstack
  1219 ;; Tracked objects:
  1220 ;;		On entry : 0/0
  1221 ;;		On exit  : 0/0
  1222 ;;		Unchanged: 0/0
  1223 ;; Data sizes:     COMMON   BANK0   BANK1   BANK2   BANK3   BANK4   BANK5   BANK6
  1224 ;;      Params:         0       0       0       0       0       0       0       0
  1225 ;;      Locals:         0       0       0       0       0       0       0       0
  1226 ;;      Temps:          0       0       0       0       0       0       0       0
  1227 ;;      Totals:         0       0       0       0       0       0       0       0
  1228 ;;Total ram usage:        0 bytes
  1229 ;; Hardware stack levels used:    1
  1230 ;; Hardware stack levels required when called:    1
  1231 ;; This function calls:
  1232 ;;		_DMX_interrput
  1233 ;; This function is called by:
  1234 ;;		Interrupt level 1
  1235 ;; This function uses a non-reentrant model
  1236 ;;
  1237                           
  1238  0004                     _isr:	
  1239                           
  1240                           ;incstack = 0
  1241  0004  147E               	bsf	126,0	;set compiler interrupt flag (level 1)
  1242                           
  1243                           ; Regs used in _isr: [wreg-fsr1h+status,2+status,0+pclath+cstack]
  1244  0005  3180               	pagesel	$
  1245                           
  1246                           ;main.c: 261: DMX_interrput();
  1247  0006  3182  2299         	fcall	_DMX_interrput
  1248  0008  107E               	bcf	126,0	;clear compiler interrupt flag (level 1)
  1249  0009  0009               	retfie
  1250  000A                     __end_of_isr:	
  1251                           
  1252                           	psect	text2
  1253  0299                     __ptext2:	
  1254 ;; *************** function _DMX_interrput *****************
  1255 ;; Defined at:
  1256 ;;		line 292 in file "main.c"
  1257 ;; Parameters:    Size  Location     Type
  1258 ;;		None
  1259 ;; Auto vars:     Size  Location     Type
  1260 ;;  RxDat           1    3[COMMON] unsigned char 
  1261 ;; Return value:  Size  Location     Type
  1262 ;;                  1    wreg      void 
  1263 ;; Registers used:
  1264 ;;		wreg, fsr0l, fsr0h, fsr1l, fsr1h, status,2, status,0
  1265 ;; Tracked objects:
  1266 ;;		On entry : 0/0
  1267 ;;		On exit  : 0/0
  1268 ;;		Unchanged: 0/0
  1269 ;; Data sizes:     COMMON   BANK0   BANK1   BANK2   BANK3   BANK4   BANK5   BANK6
  1270 ;;      Params:         0       0       0       0       0       0       0       0
  1271 ;;      Locals:         1       0       0       0       0       0       0       0
  1272 ;;      Temps:          3       0       0       0       0       0       0       0
  1273 ;;      Totals:         4       0       0       0       0       0       0       0
  1274 ;;Total ram usage:        4 bytes
  1275 ;; Hardware stack levels used:    1
  1276 ;; This function calls:
  1277 ;;		Nothing
  1278 ;; This function is called by:
  1279 ;;		_isr
  1280 ;; This function uses a non-reentrant model
  1281 ;;
  1282                           
  1283                           
  1284                           ;psect for function _DMX_interrput
  1285  0299                     _DMX_interrput:	
  1286                           
  1287                           ;main.c: 293: if(RCIE & RCIF){
  1288                           
  1289                           ;incstack = 0
  1290                           ; Regs used in _DMX_interrput: [wreg-fsr1h+status,2+status,0]
  1291  0299  3001               	movlw	1
  1292  029A  0021               	movlb	1	; select bank1
  1293  029B  1E91               	btfss	17,5	;volatile
  1294  029C  3900               	andlw	0
  1295  029D  0020               	movlb	0	; select bank0
  1296  029E  1E91               	btfss	17,5	;volatile
  1297  029F  3900               	andlw	0
  1298  02A0  1C09               	btfss	9,0
  1299  02A1  0008               	return
  1300                           
  1301                           ;main.c: 294: RCIE=0;
  1302  02A2  0021               	movlb	1	; select bank1
  1303  02A3  1291               	bcf	17,5	;volatile
  1304                           
  1305                           ;main.c: 295: char RxDat;
  1306                           ;main.c: 296: if(FERR)
  1307  02A4  0023               	movlb	3	; select bank3
  1308  02A5  1D1D               	btfss	29,2	;volatile
  1309  02A6  2B01               	goto	i1l753
  1310  02A7  0819               	movf	25,w	;volatile
  1311                           
  1312                           ;main.c: 299: Flags.RxBreak=1;
  1313  02A8  14F2               	bsf	_Flags,1	;volatile
  1314                           
  1315                           ;main.c: 300: RxState=RX_WAIT_FOR_START;
  1316  02A9  3001               	movlw	1
  1317  02AA  00F3               	movwf	_RxState	;volatile
  1318                           
  1319                           ;main.c: 301: RxTimer=0;
  1320  02AB  0020               	movlb	0	; select bank0
  1321  02AC  01AA               	clrf	_RxTimer	;volatile
  1322  02AD  01AB               	clrf	_RxTimer+1	;volatile
  1323  02AE  2B01               	goto	i1l753
  1324  02AF                     i1l721:	
  1325  02AF  0023               	movlb	3	; select bank3
  1326  02B0  0819               	movf	25,w	;volatile
  1327                           
  1328                           ;main.c: 308: break;
  1329  02B1  2B0C               	goto	i1l755
  1330  02B2                     i1l205:	
  1331                           ;main.c: 310: case RX_WAIT_FOR_START:
  1332                           
  1333                           
  1334                           ;main.c: 311: if(RCIF)
  1335  02B2  0020               	movlb	0	; select bank0
  1336  02B3  1E91               	btfss	17,5	;volatile
  1337  02B4  2B0C               	goto	i1l755
  1338                           
  1339                           ;main.c: 312: {
  1340                           ;main.c: 313: RxDat=RCREG;
  1341  02B5  0023               	movlb	3	; select bank3
  1342  02B6  0819               	movf	25,w	;volatile
  1343  02B7  00F7               	movwf	DMX_interrput@RxDat
  1344                           
  1345                           ;main.c: 314: if(RxDat==DMX_RxStart)
  1346  02B8  0020               	movlb	0	; select bank0
  1347  02B9  062E               	xorwf	_DMX_RxStart,w
  1348  02BA  1D03               	skipz
  1349  02BB  2AC5               	goto	i1l729
  1350                           
  1351                           ;main.c: 315: {
  1352                           ;main.c: 317: RxState = RX_READ_DATA;
  1353  02BC  3002               	movlw	2
  1354  02BD  00F3               	movwf	_RxState	;volatile
  1355                           
  1356                           ;main.c: 318: RxDataPtr = &RxData[0];
  1357  02BE  302F               	movlw	(low (_RxData| 0))& (0+255)
  1358  02BF  00AD               	movwf	_RxDataPtr
  1359                           
  1360                           ;main.c: 319: RxAddrCount = 1;
  1361  02C0  3001               	movlw	1
  1362  02C1  00F0               	movwf	_RxAddrCount	;volatile
  1363  02C2  01F1               	clrf	_RxAddrCount+1	;volatile
  1364                           
  1365                           ;main.c: 320: Flags.RxStart = 1;
  1366  02C3  1572               	bsf	_Flags,2	;volatile
  1367                           
  1368                           ;main.c: 321: }
  1369  02C4  2B0C               	goto	i1l755
  1370  02C5                     i1l729:	
  1371                           
  1372                           ;main.c: 322: else
  1373                           ;main.c: 323: {
  1374                           ;main.c: 324: RxState=RX_WAIT_FOR_BREAK;
  1375  02C5  01F3               	clrf	_RxState	;volatile
  1376  02C6  2B0C               	goto	i1l755
  1377  02C7                     i1l731:	
  1378                           
  1379                           ;main.c: 330: RxDat=RCREG;
  1380  02C7  0023               	movlb	3	; select bank3
  1381  02C8  0819               	movf	25,w	;volatile
  1382  02C9  00F7               	movwf	DMX_interrput@RxDat
  1383                           
  1384                           ;main.c: 332: if(RxAddrCount >= DMX_Address && DMX_Address !=0 )
  1385  02CA  0871               	movf	_RxAddrCount+1,w	;volatile
  1386  02CB  3A80               	xorlw	128
  1387  02CC  00F4               	movwf	??_DMX_interrput
  1388  02CD  0879               	movf	_DMX_Address+1,w
  1389  02CE  3A80               	xorlw	128
  1390  02CF  0274               	subwf	??_DMX_interrput,w
  1391  02D0  1D03               	skipz
  1392  02D1  2AD4               	goto	u15_25
  1393  02D2  0878               	movf	_DMX_Address,w
  1394  02D3  0270               	subwf	_RxAddrCount,w	;volatile
  1395  02D4                     u15_25:	
  1396  02D4  1C03               	skipc
  1397  02D5  2AE1               	goto	i1l739
  1398  02D6  0878               	movf	_DMX_Address,w
  1399  02D7  0479               	iorwf	_DMX_Address+1,w
  1400  02D8  1903               	btfsc	3,2
  1401  02D9  2AE1               	goto	i1l739
  1402                           
  1403                           ;main.c: 333: {
  1404                           ;main.c: 334: *RxDataPtr=RxDat;
  1405  02DA  0020               	movlb	0	; select bank0
  1406  02DB  082D               	movf	_RxDataPtr,w
  1407  02DC  0086               	movwf	6
  1408  02DD  0187               	clrf	7
  1409  02DE  0877               	movf	DMX_interrput@RxDat,w
  1410  02DF  0081               	movwf	1
  1411                           
  1412                           ;main.c: 335: RxDataPtr++;
  1413  02E0  0AAD               	incf	_RxDataPtr,f
  1414  02E1                     i1l739:	
  1415                           
  1416                           ;main.c: 336: }
  1417                           ;main.c: 337: RxAddrCount++;
  1418  02E1  0AF0               	incf	_RxAddrCount,f	;volatile
  1419  02E2  1903               	skipnz
  1420  02E3  0AF1               	incf	_RxAddrCount+1,f	;volatile
  1421                           
  1422                           ;main.c: 340: if(RxAddrCount >= (DMX_Address + 4) && DMX_Address !=0 )
  1423  02E4  0878               	movf	_DMX_Address,w
  1424  02E5  3E04               	addlw	4
  1425  02E6  00F4               	movwf	??_DMX_interrput
  1426  02E7  3000               	movlw	0
  1427  02E8  3D79               	addwfc	_DMX_Address+1,w
  1428  02E9  00F5               	movwf	??_DMX_interrput+1
  1429  02EA  0871               	movf	_RxAddrCount+1,w	;volatile
  1430  02EB  3A80               	xorlw	128
  1431  02EC  00F6               	movwf	??_DMX_interrput+2
  1432  02ED  0875               	movf	??_DMX_interrput+1,w
  1433  02EE  3A80               	xorlw	128
  1434  02EF  0276               	subwf	??_DMX_interrput+2,w
  1435  02F0  1D03               	skipz
  1436  02F1  2AF4               	goto	u17_25
  1437  02F2  0874               	movf	??_DMX_interrput,w
  1438  02F3  0270               	subwf	_RxAddrCount,w	;volatile
  1439  02F4                     u17_25:	
  1440  02F4  1C03               	skipc
  1441  02F5  2B0C               	goto	i1l755
  1442  02F6  0878               	movf	_DMX_Address,w
  1443  02F7  0479               	iorwf	_DMX_Address+1,w
  1444  02F8  1903               	btfsc	3,2
  1445  02F9  2B0C               	goto	i1l755
  1446                           
  1447                           ;main.c: 341: {
  1448                           ;main.c: 342: Flags.RxNew=1;
  1449  02FA  1472               	bsf	_Flags,0	;volatile
  1450                           
  1451                           ;main.c: 343: RxState=RX_WAIT_FOR_BREAK;
  1452  02FB  01F3               	clrf	_RxState	;volatile
  1453                           
  1454                           ;main.c: 344: RxTimer = 0;
  1455  02FC  0020               	movlb	0	; select bank0
  1456  02FD  01AA               	clrf	_RxTimer	;volatile
  1457  02FE  01AB               	clrf	_RxTimer+1	;volatile
  1458                           
  1459                           ;main.c: 345: Flags.RxTimeout=0;
  1460  02FF  11F2               	bcf	_Flags,3	;volatile
  1461  0300  2B0C               	goto	i1l755
  1462  0301                     i1l753:	
  1463  0301  0873               	movf	_RxState,w	;volatile
  1464                           
  1465                           ; Switch size 1, requested type "space"
  1466                           ; Number of cases is 3, Range of values is 0 to 2
  1467                           ; switch strategies available:
  1468                           ; Name         Instructions Cycles
  1469                           ; simple_byte           10     6 (average)
  1470                           ; direct_byte           12     6 (fixed)
  1471                           ; jumptable            260     6 (fixed)
  1472                           ;	Chosen strategy is simple_byte
  1473  0302  3A00               	xorlw	0	; case 0
  1474  0303  1903               	skipnz
  1475  0304  2AAF               	goto	i1l721
  1476  0305  3A01               	xorlw	1	; case 1
  1477  0306  1903               	skipnz
  1478  0307  2AB2               	goto	i1l205
  1479  0308  3A03               	xorlw	3	; case 2
  1480  0309  1903               	skipnz
  1481  030A  2AC7               	goto	i1l731
  1482  030B  2B0C               	goto	i1l755
  1483  030C                     i1l755:	
  1484                           
  1485                           ;main.c: 350: if(RxTimer > 1200)
  1486  030C  0020               	movlb	0	; select bank0
  1487  030D  082B               	movf	_RxTimer+1,w	;volatile
  1488  030E  3A80               	xorlw	128
  1489  030F  00F4               	movwf	??_DMX_interrput
  1490  0310  3084               	movlw	132
  1491  0311  0274               	subwf	??_DMX_interrput,w
  1492  0312  1D03               	skipz
  1493  0313  2B16               	goto	u19_25
  1494  0314  30B1               	movlw	177
  1495  0315  022A               	subwf	_RxTimer,w	;volatile
  1496  0316                     u19_25:	
  1497  0316  1C03               	skipc
  1498  0317  0008               	return
  1499                           
  1500                           ;main.c: 351: {
  1501                           ;main.c: 352: Flags.RxTimeout=1;
  1502  0318  15F2               	bsf	_Flags,3	;volatile
  1503                           
  1504                           ;main.c: 353: RxTimer=0;
  1505  0319  0020               	movlb	0	; select bank0
  1506  031A  01AA               	clrf	_RxTimer	;volatile
  1507  031B  01AB               	clrf	_RxTimer+1	;volatile
  1508  031C  0008               	return
  1509  031D                     __end_of_DMX_interrput:	
  1510  007E                     btemp	set	126	;btemp
  1511  007E                     int$flags	set	126
  1512  007E                     wtemp0	set	126


Data Sizes:
    Strings     0
    Constant    512
    Data        2
    BSS         23
    Persistent  0
    Stack       0

Auto Spaces:
    Space          Size  Autos    Used
    COMMON           14      4      10
    BANK0            80      4      23
    BANK1            80      0       0
    BANK2            80      0       0
    BANK3            80      0       0
    BANK4            80      0       0
    BANK5            80      0       0
    BANK6            16      0       0

Pointer List with Targets:

    RxDataPtr	PTR volatile unsigned char  size(1) Largest target is 4
		 -> NULL(NULL[0]), RxData(BANK0[4]), 


Critical Paths under _main in COMMON

    None.

Critical Paths under _isr in COMMON

    _isr->_DMX_interrput

Critical Paths under _main in BANK0

    None.

Critical Paths under _isr in BANK0

    None.

Critical Paths under _main in BANK1

    None.

Critical Paths under _isr in BANK1

    None.

Critical Paths under _main in BANK2

    None.

Critical Paths under _isr in BANK2

    None.

Critical Paths under _main in BANK3

    None.

Critical Paths under _isr in BANK3

    None.

Critical Paths under _main in BANK4

    None.

Critical Paths under _isr in BANK4

    None.

Critical Paths under _main in BANK5

    None.

Critical Paths under _isr in BANK5

    None.

Critical Paths under _main in BANK6

    None.

Critical Paths under _isr in BANK6

    None.

Call Graph Tables:

 ---------------------------------------------------------------------------------
 (Depth) Function   	        Calls       Base Space   Used Autos Params    Refs
 ---------------------------------------------------------------------------------
 (0) _main                                                 4     4      0       0
                                              0 BANK0      4     4      0
 ---------------------------------------------------------------------------------
 Estimated maximum stack depth 0
 ---------------------------------------------------------------------------------
 (Depth) Function   	        Calls       Base Space   Used Autos Params    Refs
 ---------------------------------------------------------------------------------
 (1) _isr                                                  0     0      0      48
                      _DMX_interrput
 ---------------------------------------------------------------------------------
 (2) _DMX_interrput                                        4     4      0      48
                                              0 COMMON     4     4      0
 ---------------------------------------------------------------------------------
 Estimated maximum stack depth 2
 ---------------------------------------------------------------------------------

 Call Graph Graphs:

 _main (ROOT)

 _isr (ROOT)
   _DMX_interrput

 Address spaces:
Name               Size   Autos  Total    Cost      Usage
BIGRAM             1F0      0       0       0        0.0%
NULL                 0      0       0       0        0.0%
CODE                 0      0       0       0        0.0%
BITCOMMON            E      0       0       1        0.0%
BITSFR0              0      0       0       1        0.0%
SFR0                 0      0       0       1        0.0%
COMMON               E      4       A       2       71.4%
BITSFR1              0      0       0       2        0.0%
SFR1                 0      0       0       2        0.0%
BITSFR2              0      0       0       3        0.0%
SFR2                 0      0       0       3        0.0%
STACK                0      0       0       3        0.0%
BITSFR3              0      0       0       4        0.0%
SFR3                 0      0       0       4        0.0%
ABS                  0      0      21       4        0.0%
BITBANK0            50      0       0       5        0.0%
BITSFR4              0      0       0       5        0.0%
SFR4                 0      0       0       5        0.0%
BANK0               50      4      17       6       28.8%
BITSFR5              0      0       0       6        0.0%
SFR5                 0      0       0       6        0.0%
BITBANK1            50      0       0       7        0.0%
BITSFR6              0      0       0       7        0.0%
SFR6                 0      0       0       7        0.0%
BANK1               50      0       0       8        0.0%
BITSFR7              0      0       0       8        0.0%
SFR7                 0      0       0       8        0.0%
BITBANK2            50      0       0       9        0.0%
BITSFR8              0      0       0       9        0.0%
SFR8                 0      0       0       9        0.0%
BANK2               50      0       0      10        0.0%
BITSFR9              0      0       0      10        0.0%
SFR9                 0      0       0      10        0.0%
BITBANK3            50      0       0      11        0.0%
BITSFR10             0      0       0      11        0.0%
SFR10                0      0       0      11        0.0%
BANK3               50      0       0      12        0.0%
BITSFR11             0      0       0      12        0.0%
SFR11                0      0       0      12        0.0%
BITBANK4            50      0       0      13        0.0%
BITSFR12             0      0       0      13        0.0%
SFR12                0      0       0      13        0.0%
BANK4               50      0       0      14        0.0%
BITSFR13             0      0       0      14        0.0%
SFR13                0      0       0      14        0.0%
BITBANK5            50      0       0      15        0.0%
BITSFR14             0      0       0      15        0.0%
SFR14                0      0       0      15        0.0%
BANK5               50      0       0      16        0.0%
BITSFR15             0      0       0      16        0.0%
SFR15                0      0       0      16        0.0%
BITBANK6            10      0       0      17        0.0%
BITSFR16             0      0       0      17        0.0%
SFR16                0      0       0      17        0.0%
BANK6               10      0       0      18        0.0%
BITSFR17             0      0       0      18        0.0%
SFR17                0      0       0      18        0.0%
BITSFR18             0      0       0      19        0.0%
SFR18                0      0       0      19        0.0%
DATA                 0      0      21      19        0.0%
BITSFR19             0      0       0      20        0.0%
SFR19                0      0       0      20        0.0%
BITSFR20             0      0       0      21        0.0%
SFR20                0      0       0      21        0.0%
BITSFR21             0      0       0      22        0.0%
SFR21                0      0       0      22        0.0%
BITSFR22             0      0       0      23        0.0%
SFR22                0      0       0      23        0.0%
BITSFR23             0      0       0      24        0.0%
SFR23                0      0       0      24        0.0%
BITSFR24             0      0       0      25        0.0%
SFR24                0      0       0      25        0.0%
BITSFR25             0      0       0      26        0.0%
SFR25                0      0       0      26        0.0%
BITSFR26             0      0       0      27        0.0%
SFR26                0      0       0      27        0.0%
BITSFR27             0      0       0      28        0.0%
SFR27                0      0       0      28        0.0%
BITSFR28             0      0       0      29        0.0%
SFR28                0      0       0      29        0.0%
BITSFR29             0      0       0      30        0.0%
SFR29                0      0       0      30        0.0%
BITSFR30             0      0       0      31        0.0%
SFR30                0      0       0      31        0.0%
BITSFR31             0      0       0      32        0.0%
SFR31                0      0       0      32        0.0%


Microchip Technology PIC Macro Assembler V1.41 build -162212810 
Symbol Table                                                                                   Mon May 15 20:05:27 2017

            __CFG_CP$OFF 0000                       PL2 008C                      l879 0079  
                    _PR2 001B                      _PWM 0099                      _isr 0004  
                    wreg 0009             __CFG_LVP$OFF 0000                     ?_isr 0074  
                   _FERR 0CEA                     _RCIE 048D                     _RCIF 008D  
                   _RGBW 0026                     _SYNC 0CF4             __CFG_WRT$OFF 0000  
                   _main 001E                     fsr0h 0005                     fsr1h 0007  
                   indf0 0000                     fsr0l 0004                     indf1 0001  
                   fsr1l 0006                     btemp 007E                     start 000A  
          __CFG_MCLRE$ON 0000                    ??_isr 0078            __CFG_PLLEN$ON 0000  
                  ?_main 0074            __CFG_WDTE$OFF 0000                    _ANSA2 0C62  
                  _ANSC0 0C70                    _ANSC1 0C71                    _ANSC2 0C72  
                  _T2CON 001C                    i1l205 02B2                    i1l721 02AF  
                  i1l731 02C7                    i1l729 02C5                    i1l753 0301  
                  i1l739 02E1                    i1l755 030C                    _RCREG 0199  
                  _RCSTA 019D                    u15_25 02D4                    u17_25 02F4  
                  u19_25 0316                    _RXPPS 0E15                    _Flags 0072  
                  _Timer 0020           __CFG_BOREN$OFF 0000                    status 0003  
                  wtemp0 007E          __initialization 000C             __end_of_main 008C  
                 ??_main 0033                   _RA2PPS 0E92                   _RC0PPS 0EA0  
                 _RC1PPS 0EA1                   _RC2PPS 0EA2                   _INTCON 000B  
                 _OSCCON 0099   __size_of_DMX_interrput 0084                   _SPBRGH 019C  
                 _SPBRGL 019B                   _TRISA2 0462                   _TRISC0 0470  
                 _TRISC1 0471                   _TRISC2 0472                   _TRISC5 0475  
         __CFG_PWRTE$OFF 0000                   _RxData 002F           __CFG_STVREN$ON 0000  
             _TimerState 002C             __pdataCOMMON 0078  __end_of__initialization 001B  
         __pcstackCOMMON 0074               __end_ofPL2 0099            _DMX_interrput 0299  
             __pbssBANK0 0020              _RxAddrCount 0070               __pmaintext 001E  
             __pintentry 0004           ?_DMX_interrput 0074                  _BAUDCON 019F  
                _PWM1DCH 0D94                  _PWM1DCL 0D93                  _PWM2DCH 0DA4  
                _PWM2DCL 0DA3                  _OSCTUNE 0098                  _PWM3DCH 0DB4  
                _PWM3DCL 0DB3                  _PWM4DCH 0DC4                  _PWM1CON 0D9B  
                _PWM4DCL 0DC3                  _PWM2CON 0DAB                  _PWM3CON 0DBB  
                _PWM4CON 0DCB                  _PWM1PHH 0D92                  _PWM1PHL 0D91  
                _PWM2PHH 0DA2                  _PWM2PHL 0DA1                  _PWM3PHH 0DB2  
                _PWM3PHL 0DB1                  _PWM1PRH 0D96                  _PWM4PHH 0DC2  
                _PWM1PRL 0D95                  _PWM4PHL 0DC1                  _PWM2PRH 0DA6  
                _PWM2PRL 0DA5                  _PWM3PRH 0DB6                  _PWM3PRL 0DB5  
                _PWM4PRH 0DC6                  _PWM4PRL 0DC5                  _RxTimer 002A  
                _RxState 0073                  __ptext2 0299             __size_of_isr 0006  
                clrloop0 031E     end_of_initialization 001B          ??_DMX_interrput 0074  
              _PWM1LDCON 0D9F             __pstringtext 0099         __CFG_FOSC$INTOSC 0000  
          __pidataCOMMON 0000      start_initialization 000C              __end_of_PWM 0299  
            __end_of_isr 000A                _RxDataPtr 002D         __CFG_LPBOREN$OFF 0000  
            __pbssCOMMON 0070                ___latbits 0001            __pcstackBANK0 0033  
       __CFG_PPS1WAY$OFF 0000                clear_ram0 031D       DMX_interrput@RxDat 0077  
            _DMX_Address 0078              _DMX_RxStart 002E    __end_of_DMX_interrput 031D  
          __size_of_main 006E                 int$flags 007E                 intlevel1 0000  
      __CFG_CLKOUTEN$OFF 0000               _PWM1CLKCON 0D9E               _PWM2CLKCON 0DAE  
             _PWM3CLKCON 0DBE               _PWM4CLKCON 0DCE               _OPTION_REG 0095  
